cuda

===== Training TransferVGG16 =====
[TransferVGG16] Epoch 1/100 - Loss: 1.6574 - Train Acc: 0.3566
[TransferVGG16] Epoch 2/100 - Loss: 1.6209 - Train Acc: 0.3794
[TransferVGG16] Epoch 3/100 - Loss: 1.6125 - Train Acc: 0.3841
[TransferVGG16] Epoch 4/100 - Loss: 1.6085 - Train Acc: 0.3865
[TransferVGG16] Epoch 5/100 - Loss: 1.6100 - Train Acc: 0.3884
[TransferVGG16] Epoch 6/100 - Loss: 1.6043 - Train Acc: 0.3897
[TransferVGG16] Epoch 7/100 - Loss: 1.6033 - Train Acc: 0.3910
[TransferVGG16] Epoch 8/100 - Loss: 1.5989 - Train Acc: 0.3968
[TransferVGG16] Epoch 9/100 - Loss: 1.6087 - Train Acc: 0.3927
[TransferVGG16] Epoch 10/100 - Loss: 1.6051 - Train Acc: 0.3910
[TransferVGG16] Epoch 11/100 - Loss: 1.6048 - Train Acc: 0.3948
[TransferVGG16] Epoch 12/100 - Loss: 1.6097 - Train Acc: 0.3912
[TransferVGG16] Epoch 13/100 - Loss: 1.6011 - Train Acc: 0.3922
[TransferVGG16] Epoch 14/100 - Loss: 1.6014 - Train Acc: 0.3976
[TransferVGG16] Epoch 15/100 - Loss: 1.6048 - Train Acc: 0.3921
[TransferVGG16] Epoch 16/100 - Loss: 1.5992 - Train Acc: 0.3926
[TransferVGG16] Epoch 17/100 - Loss: 1.6043 - Train Acc: 0.3928
[TransferVGG16] Epoch 18/100 - Loss: 1.6070 - Train Acc: 0.3932
[TransferVGG16] Epoch 19/100 - Loss: 1.5970 - Train Acc: 0.3982
[TransferVGG16] Epoch 20/100 - Loss: 1.6034 - Train Acc: 0.3967
[TransferVGG16] Epoch 21/100 - Loss: 1.6070 - Train Acc: 0.3939
[TransferVGG16] Epoch 22/100 - Loss: 1.6021 - Train Acc: 0.3950
[TransferVGG16] Epoch 23/100 - Loss: 1.5987 - Train Acc: 0.3955
[TransferVGG16] Epoch 24/100 - Loss: 1.6101 - Train Acc: 0.3919
[TransferVGG16] Epoch 25/100 - Loss: 1.5978 - Train Acc: 0.3972
[TransferVGG16] Epoch 26/100 - Loss: 1.5947 - Train Acc: 0.3979
[TransferVGG16] Epoch 27/100 - Loss: 1.6032 - Train Acc: 0.3949
[TransferVGG16] Epoch 28/100 - Loss: 1.6108 - Train Acc: 0.3903
[TransferVGG16] Epoch 29/100 - Loss: 1.5920 - Train Acc: 0.3972
[TransferVGG16] Epoch 30/100 - Loss: 1.5965 - Train Acc: 0.3990
[TransferVGG16] Epoch 31/100 - Loss: 1.6010 - Train Acc: 0.3940
[TransferVGG16] Epoch 32/100 - Loss: 1.5955 - Train Acc: 0.4009
[TransferVGG16] Epoch 33/100 - Loss: 1.5985 - Train Acc: 0.3973
[TransferVGG16] Epoch 34/100 - Loss: 1.6036 - Train Acc: 0.3979
[TransferVGG16] Epoch 35/100 - Loss: 1.6027 - Train Acc: 0.3949
[TransferVGG16] Epoch 36/100 - Loss: 1.6082 - Train Acc: 0.3944
[TransferVGG16] Epoch 37/100 - Loss: 1.6030 - Train Acc: 0.3931
[TransferVGG16] Epoch 38/100 - Loss: 1.6000 - Train Acc: 0.3937
[TransferVGG16] Epoch 39/100 - Loss: 1.6121 - Train Acc: 0.3934
[TransferVGG16] Epoch 40/100 - Loss: 1.6039 - Train Acc: 0.3927
[TransferVGG16] Epoch 41/100 - Loss: 1.5989 - Train Acc: 0.3962
[TransferVGG16] Epoch 42/100 - Loss: 1.5969 - Train Acc: 0.3960
[TransferVGG16] Epoch 43/100 - Loss: 1.5981 - Train Acc: 0.3935
[TransferVGG16] Epoch 44/100 - Loss: 1.5942 - Train Acc: 0.3976
[TransferVGG16] Epoch 45/100 - Loss: 1.6032 - Train Acc: 0.3929
[TransferVGG16] Epoch 46/100 - Loss: 1.6025 - Train Acc: 0.3962
[TransferVGG16] Epoch 47/100 - Loss: 1.5981 - Train Acc: 0.3953
[TransferVGG16] Epoch 48/100 - Loss: 1.5977 - Train Acc: 0.3954
[TransferVGG16] Epoch 49/100 - Loss: 1.6024 - Train Acc: 0.3930
[TransferVGG16] Epoch 50/100 - Loss: 1.6033 - Train Acc: 0.3954
[TransferVGG16] Epoch 51/100 - Loss: 1.6024 - Train Acc: 0.3940
[TransferVGG16] Epoch 52/100 - Loss: 1.5964 - Train Acc: 0.3958
[TransferVGG16] Epoch 53/100 - Loss: 1.6027 - Train Acc: 0.3994
[TransferVGG16] Epoch 54/100 - Loss: 1.6054 - Train Acc: 0.3983
[TransferVGG16] Epoch 55/100 - Loss: 1.6031 - Train Acc: 0.3942
[TransferVGG16] Epoch 56/100 - Loss: 1.5996 - Train Acc: 0.3952
[TransferVGG16] Epoch 57/100 - Loss: 1.6010 - Train Acc: 0.3966
[TransferVGG16] Epoch 58/100 - Loss: 1.6026 - Train Acc: 0.3953
[TransferVGG16] Epoch 59/100 - Loss: 1.5989 - Train Acc: 0.3950
[TransferVGG16] Epoch 60/100 - Loss: 1.6006 - Train Acc: 0.3975
[TransferVGG16] Epoch 61/100 - Loss: 1.5956 - Train Acc: 0.4003
[TransferVGG16] Epoch 62/100 - Loss: 1.5993 - Train Acc: 0.3957
[TransferVGG16] Epoch 63/100 - Loss: 1.6091 - Train Acc: 0.3926
[TransferVGG16] Epoch 64/100 - Loss: 1.6074 - Train Acc: 0.3941
[TransferVGG16] Epoch 65/100 - Loss: 1.6016 - Train Acc: 0.3900
[TransferVGG16] Epoch 66/100 - Loss: 1.5993 - Train Acc: 0.3993
[TransferVGG16] Epoch 67/100 - Loss: 1.6068 - Train Acc: 0.3914
[TransferVGG16] Epoch 68/100 - Loss: 1.6007 - Train Acc: 0.3953
[TransferVGG16] Epoch 69/100 - Loss: 1.5932 - Train Acc: 0.3945
[TransferVGG16] Epoch 70/100 - Loss: 1.5949 - Train Acc: 0.3992
[TransferVGG16] Epoch 71/100 - Loss: 1.5975 - Train Acc: 0.3973
[TransferVGG16] Epoch 72/100 - Loss: 1.5944 - Train Acc: 0.3975
[TransferVGG16] Epoch 73/100 - Loss: 1.6012 - Train Acc: 0.3966
[TransferVGG16] Epoch 74/100 - Loss: 1.6003 - Train Acc: 0.3976
[TransferVGG16] Epoch 75/100 - Loss: 1.6092 - Train Acc: 0.3933
[TransferVGG16] Epoch 76/100 - Loss: 1.6024 - Train Acc: 0.3966
[TransferVGG16] Epoch 77/100 - Loss: 1.6068 - Train Acc: 0.3941
[TransferVGG16] Epoch 78/100 - Loss: 1.6066 - Train Acc: 0.3938
[TransferVGG16] Epoch 79/100 - Loss: 1.5999 - Train Acc: 0.3934
[TransferVGG16] Epoch 80/100 - Loss: 1.5989 - Train Acc: 0.3980
[TransferVGG16] Epoch 81/100 - Loss: 1.6035 - Train Acc: 0.3955
[TransferVGG16] Epoch 82/100 - Loss: 1.6046 - Train Acc: 0.3981
[TransferVGG16] Epoch 83/100 - Loss: 1.5988 - Train Acc: 0.3954
[TransferVGG16] Epoch 84/100 - Loss: 1.6085 - Train Acc: 0.3955
[TransferVGG16] Epoch 85/100 - Loss: 1.6023 - Train Acc: 0.3968
[TransferVGG16] Epoch 86/100 - Loss: 1.6050 - Train Acc: 0.3941
[TransferVGG16] Epoch 87/100 - Loss: 1.5890 - Train Acc: 0.3970
[TransferVGG16] Epoch 88/100 - Loss: 1.5972 - Train Acc: 0.3980
[TransferVGG16] Epoch 89/100 - Loss: 1.6007 - Train Acc: 0.3961
[TransferVGG16] Epoch 90/100 - Loss: 1.6058 - Train Acc: 0.3964
[TransferVGG16] Epoch 91/100 - Loss: 1.5988 - Train Acc: 0.3933
[TransferVGG16] Epoch 92/100 - Loss: 1.5951 - Train Acc: 0.3961
[TransferVGG16] Epoch 93/100 - Loss: 1.5941 - Train Acc: 0.3941
[TransferVGG16] Epoch 94/100 - Loss: 1.6036 - Train Acc: 0.3957
[TransferVGG16] Epoch 95/100 - Loss: 1.6024 - Train Acc: 0.3970
[TransferVGG16] Epoch 96/100 - Loss: 1.5978 - Train Acc: 0.3954
[TransferVGG16] Epoch 97/100 - Loss: 1.5980 - Train Acc: 0.3944
[TransferVGG16] Epoch 98/100 - Loss: 1.5909 - Train Acc: 0.4027
[TransferVGG16] Epoch 99/100 - Loss: 1.5982 - Train Acc: 0.4001
[TransferVGG16] Epoch 100/100 - Loss: 1.5963 - Train Acc: 0.3957
[TransferVGG16] Model Saved -> ./2assign/models/TransferVGG16_final.pth

>>> TransferVGG16 Accuracy: 0.3931

===== Training CNN =====
[CNN] Epoch 1/100 - Loss: 1.7553 - Train Acc: 0.2847
[CNN] Epoch 2/100 - Loss: 1.6168 - Train Acc: 0.3701
[CNN] Epoch 3/100 - Loss: 1.5473 - Train Acc: 0.3996
[CNN] Epoch 4/100 - Loss: 1.4991 - Train Acc: 0.4198
[CNN] Epoch 5/100 - Loss: 1.4675 - Train Acc: 0.4352
[CNN] Epoch 6/100 - Loss: 1.4364 - Train Acc: 0.4471
[CNN] Epoch 7/100 - Loss: 1.4121 - Train Acc: 0.4598
[CNN] Epoch 8/100 - Loss: 1.3929 - Train Acc: 0.4660
[CNN] Epoch 9/100 - Loss: 1.3820 - Train Acc: 0.4689
[CNN] Epoch 10/100 - Loss: 1.3607 - Train Acc: 0.4767
[CNN] Epoch 11/100 - Loss: 1.3444 - Train Acc: 0.4872
[CNN] Epoch 12/100 - Loss: 1.3287 - Train Acc: 0.4895
[CNN] Epoch 13/100 - Loss: 1.3223 - Train Acc: 0.4905
[CNN] Epoch 14/100 - Loss: 1.3106 - Train Acc: 0.5010
[CNN] Epoch 15/100 - Loss: 1.2991 - Train Acc: 0.5007
[CNN] Epoch 16/100 - Loss: 1.2873 - Train Acc: 0.5061
[CNN] Epoch 17/100 - Loss: 1.2811 - Train Acc: 0.5066
[CNN] Epoch 18/100 - Loss: 1.2625 - Train Acc: 0.5135
[CNN] Epoch 19/100 - Loss: 1.2611 - Train Acc: 0.5156
[CNN] Epoch 20/100 - Loss: 1.2518 - Train Acc: 0.5181
[CNN] Epoch 21/100 - Loss: 1.2411 - Train Acc: 0.5204
[CNN] Epoch 22/100 - Loss: 1.2317 - Train Acc: 0.5276
[CNN] Epoch 23/100 - Loss: 1.2225 - Train Acc: 0.5311
[CNN] Epoch 24/100 - Loss: 1.2182 - Train Acc: 0.5311
[CNN] Epoch 25/100 - Loss: 1.2063 - Train Acc: 0.5352
[CNN] Epoch 26/100 - Loss: 1.1964 - Train Acc: 0.5370
[CNN] Epoch 27/100 - Loss: 1.1917 - Train Acc: 0.5407
[CNN] Epoch 28/100 - Loss: 1.1867 - Train Acc: 0.5418
[CNN] Epoch 29/100 - Loss: 1.1764 - Train Acc: 0.5461
[CNN] Epoch 30/100 - Loss: 1.1655 - Train Acc: 0.5505
[CNN] Epoch 31/100 - Loss: 1.1601 - Train Acc: 0.5510
[CNN] Epoch 32/100 - Loss: 1.1480 - Train Acc: 0.5566
[CNN] Epoch 33/100 - Loss: 1.1482 - Train Acc: 0.5560
[CNN] Epoch 34/100 - Loss: 1.1358 - Train Acc: 0.5586
[CNN] Epoch 35/100 - Loss: 1.1319 - Train Acc: 0.5623
[CNN] Epoch 36/100 - Loss: 1.1243 - Train Acc: 0.5629
[CNN] Epoch 37/100 - Loss: 1.1251 - Train Acc: 0.5659
[CNN] Epoch 38/100 - Loss: 1.1072 - Train Acc: 0.5703
[CNN] Epoch 39/100 - Loss: 1.1059 - Train Acc: 0.5714
[CNN] Epoch 40/100 - Loss: 1.0984 - Train Acc: 0.5766
[CNN] Epoch 41/100 - Loss: 1.0919 - Train Acc: 0.5733
[CNN] Epoch 42/100 - Loss: 1.0872 - Train Acc: 0.5814
[CNN] Epoch 43/100 - Loss: 1.0778 - Train Acc: 0.5827
[CNN] Epoch 44/100 - Loss: 1.0708 - Train Acc: 0.5829
[CNN] Epoch 45/100 - Loss: 1.0674 - Train Acc: 0.5811
[CNN] Epoch 46/100 - Loss: 1.0598 - Train Acc: 0.5891
[CNN] Epoch 47/100 - Loss: 1.0530 - Train Acc: 0.5919
[CNN] Epoch 48/100 - Loss: 1.0486 - Train Acc: 0.5905
[CNN] Epoch 49/100 - Loss: 1.0460 - Train Acc: 0.5911
[CNN] Epoch 50/100 - Loss: 1.0374 - Train Acc: 0.5929
[CNN] Epoch 51/100 - Loss: 1.0244 - Train Acc: 0.5968
[CNN] Epoch 52/100 - Loss: 1.0227 - Train Acc: 0.5998
[CNN] Epoch 53/100 - Loss: 1.0153 - Train Acc: 0.5987
[CNN] Epoch 54/100 - Loss: 1.0108 - Train Acc: 0.6040
[CNN] Epoch 55/100 - Loss: 1.0160 - Train Acc: 0.6040
[CNN] Epoch 56/100 - Loss: 0.9947 - Train Acc: 0.6045
[CNN] Epoch 57/100 - Loss: 0.9939 - Train Acc: 0.6067
[CNN] Epoch 58/100 - Loss: 0.9898 - Train Acc: 0.6078
[CNN] Epoch 59/100 - Loss: 0.9899 - Train Acc: 0.6110
[CNN] Epoch 60/100 - Loss: 0.9775 - Train Acc: 0.6128
[CNN] Epoch 61/100 - Loss: 0.9715 - Train Acc: 0.6152
[CNN] Epoch 62/100 - Loss: 0.9727 - Train Acc: 0.6128
[CNN] Epoch 63/100 - Loss: 0.9665 - Train Acc: 0.6162
[CNN] Epoch 64/100 - Loss: 0.9635 - Train Acc: 0.6182
[CNN] Epoch 65/100 - Loss: 0.9565 - Train Acc: 0.6188
[CNN] Epoch 66/100 - Loss: 0.9539 - Train Acc: 0.6211
[CNN] Epoch 67/100 - Loss: 0.9481 - Train Acc: 0.6231
[CNN] Epoch 68/100 - Loss: 0.9446 - Train Acc: 0.6241
[CNN] Epoch 69/100 - Loss: 0.9402 - Train Acc: 0.6271
[CNN] Epoch 70/100 - Loss: 0.9289 - Train Acc: 0.6261
[CNN] Epoch 71/100 - Loss: 0.9272 - Train Acc: 0.6319
[CNN] Epoch 72/100 - Loss: 0.9220 - Train Acc: 0.6300
[CNN] Epoch 73/100 - Loss: 0.9214 - Train Acc: 0.6321
[CNN] Epoch 74/100 - Loss: 0.9150 - Train Acc: 0.6323
[CNN] Epoch 75/100 - Loss: 0.9161 - Train Acc: 0.6335
[CNN] Epoch 76/100 - Loss: 0.9070 - Train Acc: 0.6356
[CNN] Epoch 77/100 - Loss: 0.8986 - Train Acc: 0.6384
[CNN] Epoch 78/100 - Loss: 0.9026 - Train Acc: 0.6379
[CNN] Epoch 79/100 - Loss: 0.8984 - Train Acc: 0.6367
[CNN] Epoch 80/100 - Loss: 0.8914 - Train Acc: 0.6402
[CNN] Epoch 81/100 - Loss: 0.8915 - Train Acc: 0.6395
[CNN] Epoch 82/100 - Loss: 0.8873 - Train Acc: 0.6400
[CNN] Epoch 83/100 - Loss: 0.8856 - Train Acc: 0.6413
[CNN] Epoch 84/100 - Loss: 0.8769 - Train Acc: 0.6438
[CNN] Epoch 85/100 - Loss: 0.8825 - Train Acc: 0.6391
[CNN] Epoch 86/100 - Loss: 0.8760 - Train Acc: 0.6426
[CNN] Epoch 87/100 - Loss: 0.8623 - Train Acc: 0.6505
[CNN] Epoch 88/100 - Loss: 0.8615 - Train Acc: 0.6481
[CNN] Epoch 89/100 - Loss: 0.8589 - Train Acc: 0.6501
[CNN] Epoch 90/100 - Loss: 0.8524 - Train Acc: 0.6516
[CNN] Epoch 91/100 - Loss: 0.8560 - Train Acc: 0.6497
[CNN] Epoch 92/100 - Loss: 0.8510 - Train Acc: 0.6537
[CNN] Epoch 93/100 - Loss: 0.8454 - Train Acc: 0.6549
[CNN] Epoch 94/100 - Loss: 0.8444 - Train Acc: 0.6586
[CNN] Epoch 95/100 - Loss: 0.8468 - Train Acc: 0.6553
[CNN] Epoch 96/100 - Loss: 0.8331 - Train Acc: 0.6575
[CNN] Epoch 97/100 - Loss: 0.8322 - Train Acc: 0.6566
[CNN] Epoch 98/100 - Loss: 0.8288 - Train Acc: 0.6614
[CNN] Epoch 99/100 - Loss: 0.8295 - Train Acc: 0.6580
[CNN] Epoch 100/100 - Loss: 0.8246 - Train Acc: 0.6615
[CNN] Model Saved -> ./2assign/models/CNN_final.pth

>>> CNN Accuracy: 0.5379

===== Training AlexNet48 =====
[AlexNet48] Epoch 1/100 - Loss: 1.7496 - Train Acc: 0.2922
[AlexNet48] Epoch 2/100 - Loss: 1.4896 - Train Acc: 0.4231
[AlexNet48] Epoch 3/100 - Loss: 1.3868 - Train Acc: 0.4647
[AlexNet48] Epoch 4/100 - Loss: 1.3096 - Train Acc: 0.4915
[AlexNet48] Epoch 5/100 - Loss: 1.2606 - Train Acc: 0.5124
[AlexNet48] Epoch 6/100 - Loss: 1.2204 - Train Acc: 0.5312
[AlexNet48] Epoch 7/100 - Loss: 1.1840 - Train Acc: 0.5452
[AlexNet48] Epoch 8/100 - Loss: 1.1467 - Train Acc: 0.5606
[AlexNet48] Epoch 9/100 - Loss: 1.1215 - Train Acc: 0.5663
[AlexNet48] Epoch 10/100 - Loss: 1.0912 - Train Acc: 0.5861
[AlexNet48] Epoch 11/100 - Loss: 1.0647 - Train Acc: 0.5954
[AlexNet48] Epoch 12/100 - Loss: 1.0328 - Train Acc: 0.6093
[AlexNet48] Epoch 13/100 - Loss: 1.0120 - Train Acc: 0.6180
[AlexNet48] Epoch 14/100 - Loss: 0.9790 - Train Acc: 0.6263
[AlexNet48] Epoch 15/100 - Loss: 0.9667 - Train Acc: 0.6333
[AlexNet48] Epoch 16/100 - Loss: 0.9363 - Train Acc: 0.6493
[AlexNet48] Epoch 17/100 - Loss: 0.9105 - Train Acc: 0.6558
[AlexNet48] Epoch 18/100 - Loss: 0.8887 - Train Acc: 0.6684
[AlexNet48] Epoch 19/100 - Loss: 0.8556 - Train Acc: 0.6790
[AlexNet48] Epoch 20/100 - Loss: 0.8286 - Train Acc: 0.6883
[AlexNet48] Epoch 21/100 - Loss: 0.8106 - Train Acc: 0.6952
[AlexNet48] Epoch 22/100 - Loss: 0.7822 - Train Acc: 0.7057
[AlexNet48] Epoch 23/100 - Loss: 0.7602 - Train Acc: 0.7143
[AlexNet48] Epoch 24/100 - Loss: 0.7336 - Train Acc: 0.7261
[AlexNet48] Epoch 25/100 - Loss: 0.7023 - Train Acc: 0.7373
[AlexNet48] Epoch 26/100 - Loss: 0.6750 - Train Acc: 0.7509
[AlexNet48] Epoch 27/100 - Loss: 0.6519 - Train Acc: 0.7565
[AlexNet48] Epoch 28/100 - Loss: 0.6251 - Train Acc: 0.7689
[AlexNet48] Epoch 29/100 - Loss: 0.5947 - Train Acc: 0.7810
[AlexNet48] Epoch 30/100 - Loss: 0.5749 - Train Acc: 0.7898
[AlexNet48] Epoch 31/100 - Loss: 0.5721 - Train Acc: 0.7904
[AlexNet48] Epoch 32/100 - Loss: 0.5260 - Train Acc: 0.8065
[AlexNet48] Epoch 33/100 - Loss: 0.5031 - Train Acc: 0.8163
[AlexNet48] Epoch 34/100 - Loss: 0.4736 - Train Acc: 0.8255
[AlexNet48] Epoch 35/100 - Loss: 0.4601 - Train Acc: 0.8284
[AlexNet48] Epoch 36/100 - Loss: 0.4290 - Train Acc: 0.8454
[AlexNet48] Epoch 37/100 - Loss: 0.4099 - Train Acc: 0.8508
[AlexNet48] Epoch 38/100 - Loss: 0.4050 - Train Acc: 0.8531
[AlexNet48] Epoch 39/100 - Loss: 0.3660 - Train Acc: 0.8700
[AlexNet48] Epoch 40/100 - Loss: 0.3626 - Train Acc: 0.8720
[AlexNet48] Epoch 41/100 - Loss: 0.3514 - Train Acc: 0.8752
[AlexNet48] Epoch 42/100 - Loss: 0.3184 - Train Acc: 0.8867
[AlexNet48] Epoch 43/100 - Loss: 0.3061 - Train Acc: 0.8914
[AlexNet48] Epoch 44/100 - Loss: 0.3004 - Train Acc: 0.8927
[AlexNet48] Epoch 45/100 - Loss: 0.2758 - Train Acc: 0.9045
[AlexNet48] Epoch 46/100 - Loss: 0.2725 - Train Acc: 0.9042
[AlexNet48] Epoch 47/100 - Loss: 0.2614 - Train Acc: 0.9094
[AlexNet48] Epoch 48/100 - Loss: 0.2570 - Train Acc: 0.9110
[AlexNet48] Epoch 49/100 - Loss: 0.2313 - Train Acc: 0.9195
[AlexNet48] Epoch 50/100 - Loss: 0.2206 - Train Acc: 0.9224
[AlexNet48] Epoch 51/100 - Loss: 0.2297 - Train Acc: 0.9207
[AlexNet48] Epoch 52/100 - Loss: 0.2036 - Train Acc: 0.9308
[AlexNet48] Epoch 53/100 - Loss: 0.1997 - Train Acc: 0.9326
[AlexNet48] Epoch 54/100 - Loss: 0.1901 - Train Acc: 0.9370
[AlexNet48] Epoch 55/100 - Loss: 0.1807 - Train Acc: 0.9396
[AlexNet48] Epoch 56/100 - Loss: 0.1736 - Train Acc: 0.9417
[AlexNet48] Epoch 57/100 - Loss: 0.1654 - Train Acc: 0.9439
[AlexNet48] Epoch 58/100 - Loss: 0.1648 - Train Acc: 0.9457
[AlexNet48] Epoch 59/100 - Loss: 0.1627 - Train Acc: 0.9449
[AlexNet48] Epoch 60/100 - Loss: 0.1495 - Train Acc: 0.9493
[AlexNet48] Epoch 61/100 - Loss: 0.1525 - Train Acc: 0.9496
[AlexNet48] Epoch 62/100 - Loss: 0.1448 - Train Acc: 0.9526
[AlexNet48] Epoch 63/100 - Loss: 0.1545 - Train Acc: 0.9490
[AlexNet48] Epoch 64/100 - Loss: 0.1342 - Train Acc: 0.9576
[AlexNet48] Epoch 65/100 - Loss: 0.1259 - Train Acc: 0.9592
[AlexNet48] Epoch 66/100 - Loss: 0.1256 - Train Acc: 0.9607
[AlexNet48] Epoch 67/100 - Loss: 0.1184 - Train Acc: 0.9614
[AlexNet48] Epoch 68/100 - Loss: 0.1292 - Train Acc: 0.9577
[AlexNet48] Epoch 69/100 - Loss: 0.1148 - Train Acc: 0.9622
[AlexNet48] Epoch 70/100 - Loss: 0.1116 - Train Acc: 0.9640
[AlexNet48] Epoch 71/100 - Loss: 0.1126 - Train Acc: 0.9642
[AlexNet48] Epoch 72/100 - Loss: 0.1119 - Train Acc: 0.9632
[AlexNet48] Epoch 73/100 - Loss: 0.1066 - Train Acc: 0.9660
[AlexNet48] Epoch 74/100 - Loss: 0.1050 - Train Acc: 0.9675
[AlexNet48] Epoch 75/100 - Loss: 0.1082 - Train Acc: 0.9660
[AlexNet48] Epoch 76/100 - Loss: 0.0946 - Train Acc: 0.9697
[AlexNet48] Epoch 77/100 - Loss: 0.0959 - Train Acc: 0.9698
[AlexNet48] Epoch 78/100 - Loss: 0.1004 - Train Acc: 0.9686
[AlexNet48] Epoch 79/100 - Loss: 0.0925 - Train Acc: 0.9706
[AlexNet48] Epoch 80/100 - Loss: 0.0957 - Train Acc: 0.9695
[AlexNet48] Epoch 81/100 - Loss: 0.0966 - Train Acc: 0.9697
[AlexNet48] Epoch 82/100 - Loss: 0.0889 - Train Acc: 0.9720
[AlexNet48] Epoch 83/100 - Loss: 0.0867 - Train Acc: 0.9722
[AlexNet48] Epoch 84/100 - Loss: 0.0888 - Train Acc: 0.9730
[AlexNet48] Epoch 85/100 - Loss: 0.0888 - Train Acc: 0.9724
[AlexNet48] Epoch 86/100 - Loss: 0.0867 - Train Acc: 0.9720
[AlexNet48] Epoch 87/100 - Loss: 0.0768 - Train Acc: 0.9758
[AlexNet48] Epoch 88/100 - Loss: 0.0860 - Train Acc: 0.9727
[AlexNet48] Epoch 89/100 - Loss: 0.0832 - Train Acc: 0.9728
[AlexNet48] Epoch 90/100 - Loss: 0.0777 - Train Acc: 0.9756
[AlexNet48] Epoch 91/100 - Loss: 0.0789 - Train Acc: 0.9747
[AlexNet48] Epoch 92/100 - Loss: 0.0803 - Train Acc: 0.9748
[AlexNet48] Epoch 93/100 - Loss: 0.0755 - Train Acc: 0.9766
[AlexNet48] Epoch 94/100 - Loss: 0.0697 - Train Acc: 0.9780
[AlexNet48] Epoch 95/100 - Loss: 0.0725 - Train Acc: 0.9771
[AlexNet48] Epoch 96/100 - Loss: 0.0816 - Train Acc: 0.9740
[AlexNet48] Epoch 97/100 - Loss: 0.0737 - Train Acc: 0.9766
[AlexNet48] Epoch 98/100 - Loss: 0.0643 - Train Acc: 0.9805
[AlexNet48] Epoch 99/100 - Loss: 0.0718 - Train Acc: 0.9776
[AlexNet48] Epoch 100/100 - Loss: 0.0705 - Train Acc: 0.9784
[AlexNet48] Model Saved -> ./2assign/models/AlexNet48_final.pth

>>> AlexNet48 Accuracy: 0.6308
