cuda

===== Training TransferVGG16 =====
[TransferVGG16] Epoch 1/300 - Loss: 1.6574 - Train Acc: 0.3566
[TransferVGG16] Epoch 2/300 - Loss: 1.6209 - Train Acc: 0.3794
[TransferVGG16] Epoch 3/300 - Loss: 1.6125 - Train Acc: 0.3841
[TransferVGG16] Epoch 4/300 - Loss: 1.6085 - Train Acc: 0.3865
[TransferVGG16] Epoch 5/300 - Loss: 1.6100 - Train Acc: 0.3884
[TransferVGG16] Epoch 6/300 - Loss: 1.6043 - Train Acc: 0.3897
[TransferVGG16] Epoch 7/300 - Loss: 1.6033 - Train Acc: 0.3910
[TransferVGG16] Epoch 8/300 - Loss: 1.5989 - Train Acc: 0.3968
[TransferVGG16] Epoch 9/300 - Loss: 1.6087 - Train Acc: 0.3927
[TransferVGG16] Epoch 10/300 - Loss: 1.6051 - Train Acc: 0.3910
[TransferVGG16] Epoch 11/300 - Loss: 1.6048 - Train Acc: 0.3948
[TransferVGG16] Epoch 12/300 - Loss: 1.6097 - Train Acc: 0.3912
[TransferVGG16] Epoch 13/300 - Loss: 1.6011 - Train Acc: 0.3922
[TransferVGG16] Epoch 14/300 - Loss: 1.6014 - Train Acc: 0.3976
[TransferVGG16] Epoch 15/300 - Loss: 1.6048 - Train Acc: 0.3921
[TransferVGG16] Epoch 16/300 - Loss: 1.5992 - Train Acc: 0.3926
[TransferVGG16] Epoch 17/300 - Loss: 1.6043 - Train Acc: 0.3928
[TransferVGG16] Epoch 18/300 - Loss: 1.6070 - Train Acc: 0.3932
[TransferVGG16] Epoch 19/300 - Loss: 1.5970 - Train Acc: 0.3982
[TransferVGG16] Epoch 20/300 - Loss: 1.6034 - Train Acc: 0.3967
[TransferVGG16] Epoch 21/300 - Loss: 1.6070 - Train Acc: 0.3939
[TransferVGG16] Epoch 22/300 - Loss: 1.6021 - Train Acc: 0.3950
[TransferVGG16] Epoch 23/300 - Loss: 1.5987 - Train Acc: 0.3955
[TransferVGG16] Epoch 24/300 - Loss: 1.6101 - Train Acc: 0.3919
[TransferVGG16] Epoch 25/300 - Loss: 1.5978 - Train Acc: 0.3972
[TransferVGG16] Epoch 26/300 - Loss: 1.5947 - Train Acc: 0.3979
[TransferVGG16] Epoch 27/300 - Loss: 1.6032 - Train Acc: 0.3949
[TransferVGG16] Epoch 28/300 - Loss: 1.6108 - Train Acc: 0.3903
[TransferVGG16] Epoch 29/300 - Loss: 1.5920 - Train Acc: 0.3972
[TransferVGG16] Epoch 30/300 - Loss: 1.5965 - Train Acc: 0.3990
[TransferVGG16] Epoch 31/300 - Loss: 1.6010 - Train Acc: 0.3940
[TransferVGG16] Epoch 32/300 - Loss: 1.5955 - Train Acc: 0.4009
[TransferVGG16] Epoch 33/300 - Loss: 1.5985 - Train Acc: 0.3973
[TransferVGG16] Epoch 34/300 - Loss: 1.6036 - Train Acc: 0.3979
[TransferVGG16] Epoch 35/300 - Loss: 1.6027 - Train Acc: 0.3949
[TransferVGG16] Epoch 36/300 - Loss: 1.6082 - Train Acc: 0.3944
[TransferVGG16] Epoch 37/300 - Loss: 1.6030 - Train Acc: 0.3931
[TransferVGG16] Epoch 38/300 - Loss: 1.6000 - Train Acc: 0.3937
[TransferVGG16] Epoch 39/300 - Loss: 1.6121 - Train Acc: 0.3934
[TransferVGG16] Epoch 40/300 - Loss: 1.6039 - Train Acc: 0.3927
[TransferVGG16] Epoch 41/300 - Loss: 1.5989 - Train Acc: 0.3962
[TransferVGG16] Epoch 42/300 - Loss: 1.5969 - Train Acc: 0.3960
[TransferVGG16] Epoch 43/300 - Loss: 1.5981 - Train Acc: 0.3935
[TransferVGG16] Epoch 44/300 - Loss: 1.5942 - Train Acc: 0.3976
[TransferVGG16] Epoch 45/300 - Loss: 1.6032 - Train Acc: 0.3929
[TransferVGG16] Epoch 46/300 - Loss: 1.6025 - Train Acc: 0.3962
[TransferVGG16] Epoch 47/300 - Loss: 1.5981 - Train Acc: 0.3953
[TransferVGG16] Epoch 48/300 - Loss: 1.5977 - Train Acc: 0.3954
[TransferVGG16] Epoch 49/300 - Loss: 1.6024 - Train Acc: 0.3930
[TransferVGG16] Epoch 50/300 - Loss: 1.6033 - Train Acc: 0.3954
[TransferVGG16] Epoch 51/300 - Loss: 1.6024 - Train Acc: 0.3940
[TransferVGG16] Epoch 52/300 - Loss: 1.5964 - Train Acc: 0.3958
[TransferVGG16] Epoch 53/300 - Loss: 1.6027 - Train Acc: 0.3994
[TransferVGG16] Epoch 54/300 - Loss: 1.6054 - Train Acc: 0.3983
[TransferVGG16] Epoch 55/300 - Loss: 1.6031 - Train Acc: 0.3942
[TransferVGG16] Epoch 56/300 - Loss: 1.5996 - Train Acc: 0.3952
[TransferVGG16] Epoch 57/300 - Loss: 1.6010 - Train Acc: 0.3966
[TransferVGG16] Epoch 58/300 - Loss: 1.6026 - Train Acc: 0.3953
[TransferVGG16] Epoch 59/300 - Loss: 1.5989 - Train Acc: 0.3950
[TransferVGG16] Epoch 60/300 - Loss: 1.6006 - Train Acc: 0.3975
[TransferVGG16] Epoch 61/300 - Loss: 1.5956 - Train Acc: 0.4003
[TransferVGG16] Epoch 62/300 - Loss: 1.5993 - Train Acc: 0.3957
[TransferVGG16] Epoch 63/300 - Loss: 1.6091 - Train Acc: 0.3926
[TransferVGG16] Epoch 64/300 - Loss: 1.6074 - Train Acc: 0.3941
[TransferVGG16] Epoch 65/300 - Loss: 1.6016 - Train Acc: 0.3900
[TransferVGG16] Epoch 66/300 - Loss: 1.5993 - Train Acc: 0.3993
[TransferVGG16] Epoch 67/300 - Loss: 1.6068 - Train Acc: 0.3914
[TransferVGG16] Epoch 68/300 - Loss: 1.6007 - Train Acc: 0.3953
[TransferVGG16] Epoch 69/300 - Loss: 1.5932 - Train Acc: 0.3945
[TransferVGG16] Epoch 70/300 - Loss: 1.5949 - Train Acc: 0.3992
[TransferVGG16] Epoch 71/300 - Loss: 1.5975 - Train Acc: 0.3973
[TransferVGG16] Epoch 72/300 - Loss: 1.5944 - Train Acc: 0.3975
[TransferVGG16] Epoch 73/300 - Loss: 1.6012 - Train Acc: 0.3966
[TransferVGG16] Epoch 74/300 - Loss: 1.6003 - Train Acc: 0.3976
[TransferVGG16] Epoch 75/300 - Loss: 1.6092 - Train Acc: 0.3933
[TransferVGG16] Epoch 76/300 - Loss: 1.6024 - Train Acc: 0.3966
[TransferVGG16] Epoch 77/300 - Loss: 1.6068 - Train Acc: 0.3941
[TransferVGG16] Epoch 78/300 - Loss: 1.6066 - Train Acc: 0.3938
[TransferVGG16] Epoch 79/300 - Loss: 1.5999 - Train Acc: 0.3934
[TransferVGG16] Epoch 80/300 - Loss: 1.5989 - Train Acc: 0.3980
[TransferVGG16] Epoch 81/300 - Loss: 1.6035 - Train Acc: 0.3955
[TransferVGG16] Epoch 82/300 - Loss: 1.6046 - Train Acc: 0.3981
[TransferVGG16] Epoch 83/300 - Loss: 1.5988 - Train Acc: 0.3954
[TransferVGG16] Epoch 84/300 - Loss: 1.6085 - Train Acc: 0.3955
[TransferVGG16] Epoch 85/300 - Loss: 1.6023 - Train Acc: 0.3968
[TransferVGG16] Epoch 86/300 - Loss: 1.6050 - Train Acc: 0.3941
[TransferVGG16] Epoch 87/300 - Loss: 1.5890 - Train Acc: 0.3970
[TransferVGG16] Epoch 88/300 - Loss: 1.5972 - Train Acc: 0.3980
[TransferVGG16] Epoch 89/300 - Loss: 1.6007 - Train Acc: 0.3961
[TransferVGG16] Epoch 90/300 - Loss: 1.6058 - Train Acc: 0.3964
[TransferVGG16] Epoch 91/300 - Loss: 1.5988 - Train Acc: 0.3933
[TransferVGG16] Epoch 92/300 - Loss: 1.5951 - Train Acc: 0.3961
[TransferVGG16] Epoch 93/300 - Loss: 1.5941 - Train Acc: 0.3941
[TransferVGG16] Epoch 94/300 - Loss: 1.6036 - Train Acc: 0.3957
[TransferVGG16] Epoch 95/300 - Loss: 1.6024 - Train Acc: 0.3970
[TransferVGG16] Epoch 96/300 - Loss: 1.5978 - Train Acc: 0.3954
[TransferVGG16] Epoch 97/300 - Loss: 1.5980 - Train Acc: 0.3944
[TransferVGG16] Epoch 98/300 - Loss: 1.5909 - Train Acc: 0.4027
[TransferVGG16] Epoch 99/300 - Loss: 1.5982 - Train Acc: 0.4001
[TransferVGG16] Epoch 100/300 - Loss: 1.5963 - Train Acc: 0.3957
[TransferVGG16] Epoch 101/300 - Loss: 1.5987 - Train Acc: 0.3975
[TransferVGG16] Epoch 102/300 - Loss: 1.6026 - Train Acc: 0.3948
[TransferVGG16] Epoch 103/300 - Loss: 1.5974 - Train Acc: 0.3937
[TransferVGG16] Epoch 104/300 - Loss: 1.5983 - Train Acc: 0.3974
[TransferVGG16] Epoch 105/300 - Loss: 1.6042 - Train Acc: 0.3961
[TransferVGG16] Epoch 106/300 - Loss: 1.6033 - Train Acc: 0.3984
[TransferVGG16] Epoch 107/300 - Loss: 1.5950 - Train Acc: 0.3988
[TransferVGG16] Epoch 108/300 - Loss: 1.6012 - Train Acc: 0.3975
[TransferVGG16] Epoch 109/300 - Loss: 1.5976 - Train Acc: 0.3978
[TransferVGG16] Epoch 110/300 - Loss: 1.5977 - Train Acc: 0.3962
[TransferVGG16] Epoch 111/300 - Loss: 1.6005 - Train Acc: 0.3983
[TransferVGG16] Epoch 112/300 - Loss: 1.6057 - Train Acc: 0.3906
[TransferVGG16] Epoch 113/300 - Loss: 1.5970 - Train Acc: 0.4003
[TransferVGG16] Epoch 114/300 - Loss: 1.6004 - Train Acc: 0.3955
[TransferVGG16] Epoch 115/300 - Loss: 1.6083 - Train Acc: 0.3967
[TransferVGG16] Epoch 116/300 - Loss: 1.6000 - Train Acc: 0.3964
[TransferVGG16] Epoch 117/300 - Loss: 1.6002 - Train Acc: 0.4005
[TransferVGG16] Epoch 118/300 - Loss: 1.5957 - Train Acc: 0.3989
[TransferVGG16] Epoch 119/300 - Loss: 1.5985 - Train Acc: 0.3978
[TransferVGG16] Epoch 120/300 - Loss: 1.5965 - Train Acc: 0.3945
[TransferVGG16] Epoch 121/300 - Loss: 1.6034 - Train Acc: 0.3975
[TransferVGG16] Epoch 122/300 - Loss: 1.6085 - Train Acc: 0.3929
[TransferVGG16] Epoch 123/300 - Loss: 1.6076 - Train Acc: 0.3967
[TransferVGG16] Epoch 124/300 - Loss: 1.5961 - Train Acc: 0.3979
[TransferVGG16] Epoch 125/300 - Loss: 1.5981 - Train Acc: 0.3959
[TransferVGG16] Epoch 126/300 - Loss: 1.6005 - Train Acc: 0.3975
[TransferVGG16] Epoch 127/300 - Loss: 1.6022 - Train Acc: 0.3962
[TransferVGG16] Epoch 128/300 - Loss: 1.5988 - Train Acc: 0.3989
[TransferVGG16] Epoch 129/300 - Loss: 1.5977 - Train Acc: 0.3979
[TransferVGG16] Epoch 130/300 - Loss: 1.5965 - Train Acc: 0.3955
[TransferVGG16] Epoch 131/300 - Loss: 1.5987 - Train Acc: 0.3970
[TransferVGG16] Epoch 132/300 - Loss: 1.6043 - Train Acc: 0.3952
[TransferVGG16] Epoch 133/300 - Loss: 1.6010 - Train Acc: 0.3971
[TransferVGG16] Epoch 134/300 - Loss: 1.6034 - Train Acc: 0.3917
[TransferVGG16] Epoch 135/300 - Loss: 1.5976 - Train Acc: 0.3972
[TransferVGG16] Epoch 136/300 - Loss: 1.6020 - Train Acc: 0.3946
[TransferVGG16] Epoch 137/300 - Loss: 1.6032 - Train Acc: 0.3960
[TransferVGG16] Epoch 138/300 - Loss: 1.5885 - Train Acc: 0.3998
[TransferVGG16] Epoch 139/300 - Loss: 1.6055 - Train Acc: 0.3912
[TransferVGG16] Epoch 140/300 - Loss: 1.6032 - Train Acc: 0.3984
[TransferVGG16] Epoch 141/300 - Loss: 1.5993 - Train Acc: 0.3988
[TransferVGG16] Epoch 142/300 - Loss: 1.5963 - Train Acc: 0.3967
[TransferVGG16] Epoch 143/300 - Loss: 1.6038 - Train Acc: 0.3955
[TransferVGG16] Epoch 144/300 - Loss: 1.5964 - Train Acc: 0.3963
[TransferVGG16] Epoch 145/300 - Loss: 1.5914 - Train Acc: 0.3981
[TransferVGG16] Epoch 146/300 - Loss: 1.6021 - Train Acc: 0.3921
[TransferVGG16] Epoch 147/300 - Loss: 1.6008 - Train Acc: 0.3960
[TransferVGG16] Epoch 148/300 - Loss: 1.5964 - Train Acc: 0.3978
[TransferVGG16] Epoch 149/300 - Loss: 1.6000 - Train Acc: 0.3969
[TransferVGG16] Epoch 150/300 - Loss: 1.5958 - Train Acc: 0.3955
[TransferVGG16] Epoch 151/300 - Loss: 1.6019 - Train Acc: 0.3993
[TransferVGG16] Epoch 152/300 - Loss: 1.6051 - Train Acc: 0.3959
[TransferVGG16] Epoch 153/300 - Loss: 1.5920 - Train Acc: 0.3968
[TransferVGG16] Epoch 154/300 - Loss: 1.6040 - Train Acc: 0.3952
[TransferVGG16] Epoch 155/300 - Loss: 1.5961 - Train Acc: 0.3968
[TransferVGG16] Epoch 156/300 - Loss: 1.6094 - Train Acc: 0.3930
[TransferVGG16] Epoch 157/300 - Loss: 1.5951 - Train Acc: 0.3989
[TransferVGG16] Epoch 158/300 - Loss: 1.6018 - Train Acc: 0.3964
[TransferVGG16] Epoch 159/300 - Loss: 1.5971 - Train Acc: 0.3998
[TransferVGG16] Epoch 160/300 - Loss: 1.5940 - Train Acc: 0.3979
[TransferVGG16] Epoch 161/300 - Loss: 1.5962 - Train Acc: 0.3966
[TransferVGG16] Epoch 162/300 - Loss: 1.6006 - Train Acc: 0.3948
[TransferVGG16] Epoch 163/300 - Loss: 1.5995 - Train Acc: 0.3962
[TransferVGG16] Epoch 164/300 - Loss: 1.6021 - Train Acc: 0.4001
[TransferVGG16] Epoch 165/300 - Loss: 1.6034 - Train Acc: 0.3976
[TransferVGG16] Epoch 166/300 - Loss: 1.5983 - Train Acc: 0.3980
[TransferVGG16] Epoch 167/300 - Loss: 1.6048 - Train Acc: 0.3955
[TransferVGG16] Epoch 168/300 - Loss: 1.6018 - Train Acc: 0.3956
[TransferVGG16] Epoch 169/300 - Loss: 1.6062 - Train Acc: 0.3960
[TransferVGG16] Epoch 170/300 - Loss: 1.5928 - Train Acc: 0.3960
[TransferVGG16] Epoch 171/300 - Loss: 1.6053 - Train Acc: 0.3926
[TransferVGG16] Epoch 172/300 - Loss: 1.6082 - Train Acc: 0.3909
[TransferVGG16] Epoch 173/300 - Loss: 1.6012 - Train Acc: 0.3930
[TransferVGG16] Epoch 174/300 - Loss: 1.5999 - Train Acc: 0.3959
[TransferVGG16] Epoch 175/300 - Loss: 1.6085 - Train Acc: 0.3932
[TransferVGG16] Epoch 176/300 - Loss: 1.5996 - Train Acc: 0.3919
[TransferVGG16] Epoch 177/300 - Loss: 1.5976 - Train Acc: 0.3971
[TransferVGG16] Epoch 178/300 - Loss: 1.5959 - Train Acc: 0.3982
[TransferVGG16] Epoch 179/300 - Loss: 1.6015 - Train Acc: 0.3971
[TransferVGG16] Epoch 180/300 - Loss: 1.5999 - Train Acc: 0.3957
[TransferVGG16] Epoch 181/300 - Loss: 1.6020 - Train Acc: 0.3959
[TransferVGG16] Epoch 182/300 - Loss: 1.6078 - Train Acc: 0.3945
[TransferVGG16] Epoch 183/300 - Loss: 1.5975 - Train Acc: 0.3969
[TransferVGG16] Epoch 184/300 - Loss: 1.6054 - Train Acc: 0.3972
[TransferVGG16] Epoch 185/300 - Loss: 1.6081 - Train Acc: 0.3936
[TransferVGG16] Epoch 186/300 - Loss: 1.6000 - Train Acc: 0.3967
[TransferVGG16] Epoch 187/300 - Loss: 1.6045 - Train Acc: 0.3949
[TransferVGG16] Epoch 188/300 - Loss: 1.5975 - Train Acc: 0.3959
[TransferVGG16] Epoch 189/300 - Loss: 1.6011 - Train Acc: 0.3977
[TransferVGG16] Epoch 190/300 - Loss: 1.5990 - Train Acc: 0.3965
[TransferVGG16] Epoch 191/300 - Loss: 1.6014 - Train Acc: 0.3992
[TransferVGG16] Epoch 192/300 - Loss: 1.5979 - Train Acc: 0.3970
[TransferVGG16] Epoch 193/300 - Loss: 1.6014 - Train Acc: 0.3955
[TransferVGG16] Epoch 194/300 - Loss: 1.6021 - Train Acc: 0.3955
[TransferVGG16] Epoch 195/300 - Loss: 1.6016 - Train Acc: 0.3993
[TransferVGG16] Epoch 196/300 - Loss: 1.5970 - Train Acc: 0.3979
[TransferVGG16] Epoch 197/300 - Loss: 1.6036 - Train Acc: 0.3976
[TransferVGG16] Epoch 198/300 - Loss: 1.6032 - Train Acc: 0.3962
[TransferVGG16] Epoch 199/300 - Loss: 1.5996 - Train Acc: 0.3988
[TransferVGG16] Epoch 200/300 - Loss: 1.6000 - Train Acc: 0.3991
[TransferVGG16] Epoch 201/300 - Loss: 1.5981 - Train Acc: 0.3977
[TransferVGG16] Epoch 202/300 - Loss: 1.5908 - Train Acc: 0.4033
[TransferVGG16] Epoch 203/300 - Loss: 1.6007 - Train Acc: 0.3978
[TransferVGG16] Epoch 204/300 - Loss: 1.6012 - Train Acc: 0.3948
[TransferVGG16] Epoch 205/300 - Loss: 1.6010 - Train Acc: 0.3963
[TransferVGG16] Epoch 206/300 - Loss: 1.5991 - Train Acc: 0.3968
[TransferVGG16] Epoch 207/300 - Loss: 1.5964 - Train Acc: 0.3969
[TransferVGG16] Epoch 208/300 - Loss: 1.6085 - Train Acc: 0.3929
[TransferVGG16] Epoch 209/300 - Loss: 1.5986 - Train Acc: 0.3987
[TransferVGG16] Epoch 210/300 - Loss: 1.5966 - Train Acc: 0.3932
[TransferVGG16] Epoch 211/300 - Loss: 1.5986 - Train Acc: 0.3938
[TransferVGG16] Epoch 212/300 - Loss: 1.5971 - Train Acc: 0.3981
[TransferVGG16] Epoch 213/300 - Loss: 1.6042 - Train Acc: 0.3982
[TransferVGG16] Epoch 214/300 - Loss: 1.6094 - Train Acc: 0.3901
[TransferVGG16] Epoch 215/300 - Loss: 1.5970 - Train Acc: 0.3990
[TransferVGG16] Epoch 216/300 - Loss: 1.5985 - Train Acc: 0.3973
[TransferVGG16] Epoch 217/300 - Loss: 1.5946 - Train Acc: 0.3934
[TransferVGG16] Epoch 218/300 - Loss: 1.5961 - Train Acc: 0.3977
[TransferVGG16] Epoch 219/300 - Loss: 1.5997 - Train Acc: 0.3984
[TransferVGG16] Epoch 220/300 - Loss: 1.6082 - Train Acc: 0.3954
[TransferVGG16] Epoch 221/300 - Loss: 1.6046 - Train Acc: 0.3954
[TransferVGG16] Epoch 222/300 - Loss: 1.5901 - Train Acc: 0.4010
[TransferVGG16] Epoch 223/300 - Loss: 1.6025 - Train Acc: 0.3972
[TransferVGG16] Epoch 224/300 - Loss: 1.6009 - Train Acc: 0.3959
[TransferVGG16] Epoch 225/300 - Loss: 1.5959 - Train Acc: 0.3980
[TransferVGG16] Epoch 226/300 - Loss: 1.5958 - Train Acc: 0.3965
[TransferVGG16] Epoch 227/300 - Loss: 1.6003 - Train Acc: 0.3991
[TransferVGG16] Epoch 228/300 - Loss: 1.5954 - Train Acc: 0.4001
[TransferVGG16] Epoch 229/300 - Loss: 1.6101 - Train Acc: 0.3967
[TransferVGG16] Epoch 230/300 - Loss: 1.5954 - Train Acc: 0.3988
[TransferVGG16] Epoch 231/300 - Loss: 1.6014 - Train Acc: 0.3959
[TransferVGG16] Epoch 232/300 - Loss: 1.6037 - Train Acc: 0.3968
[TransferVGG16] Epoch 233/300 - Loss: 1.6045 - Train Acc: 0.3924
[TransferVGG16] Epoch 234/300 - Loss: 1.6072 - Train Acc: 0.3946
[TransferVGG16] Epoch 235/300 - Loss: 1.5989 - Train Acc: 0.3913
[TransferVGG16] Epoch 236/300 - Loss: 1.5982 - Train Acc: 0.3962
[TransferVGG16] Epoch 237/300 - Loss: 1.5910 - Train Acc: 0.3971
[TransferVGG16] Epoch 238/300 - Loss: 1.6049 - Train Acc: 0.3961
[TransferVGG16] Epoch 239/300 - Loss: 1.5990 - Train Acc: 0.3984
[TransferVGG16] Epoch 240/300 - Loss: 1.5991 - Train Acc: 0.4012
[TransferVGG16] Epoch 241/300 - Loss: 1.6042 - Train Acc: 0.3935
[TransferVGG16] Epoch 242/300 - Loss: 1.6040 - Train Acc: 0.3953
[TransferVGG16] Epoch 243/300 - Loss: 1.6032 - Train Acc: 0.3954
[TransferVGG16] Epoch 244/300 - Loss: 1.5979 - Train Acc: 0.3954
[TransferVGG16] Epoch 245/300 - Loss: 1.6024 - Train Acc: 0.3943
[TransferVGG16] Epoch 246/300 - Loss: 1.5981 - Train Acc: 0.3949
[TransferVGG16] Epoch 247/300 - Loss: 1.5995 - Train Acc: 0.3988
[TransferVGG16] Epoch 248/300 - Loss: 1.5973 - Train Acc: 0.3966
[TransferVGG16] Epoch 249/300 - Loss: 1.5991 - Train Acc: 0.3969
[TransferVGG16] Epoch 250/300 - Loss: 1.5980 - Train Acc: 0.3989
[TransferVGG16] Epoch 251/300 - Loss: 1.6023 - Train Acc: 0.3936
[TransferVGG16] Epoch 252/300 - Loss: 1.6010 - Train Acc: 0.3941
[TransferVGG16] Epoch 253/300 - Loss: 1.5936 - Train Acc: 0.4006
[TransferVGG16] Epoch 254/300 - Loss: 1.5942 - Train Acc: 0.3995
[TransferVGG16] Epoch 255/300 - Loss: 1.6004 - Train Acc: 0.3968
[TransferVGG16] Epoch 256/300 - Loss: 1.6017 - Train Acc: 0.3945
[TransferVGG16] Epoch 257/300 - Loss: 1.6049 - Train Acc: 0.3991
[TransferVGG16] Epoch 258/300 - Loss: 1.5981 - Train Acc: 0.3978
[TransferVGG16] Epoch 259/300 - Loss: 1.5981 - Train Acc: 0.4009
[TransferVGG16] Epoch 260/300 - Loss: 1.6022 - Train Acc: 0.3939
[TransferVGG16] Epoch 261/300 - Loss: 1.6006 - Train Acc: 0.3930
[TransferVGG16] Epoch 262/300 - Loss: 1.6046 - Train Acc: 0.3954
[TransferVGG16] Epoch 263/300 - Loss: 1.5951 - Train Acc: 0.3972
[TransferVGG16] Epoch 264/300 - Loss: 1.6048 - Train Acc: 0.3957
[TransferVGG16] Epoch 265/300 - Loss: 1.6094 - Train Acc: 0.3991
[TransferVGG16] Epoch 266/300 - Loss: 1.6037 - Train Acc: 0.3978
[TransferVGG16] Epoch 267/300 - Loss: 1.5983 - Train Acc: 0.3962
[TransferVGG16] Epoch 268/300 - Loss: 1.5982 - Train Acc: 0.3958
[TransferVGG16] Epoch 269/300 - Loss: 1.6006 - Train Acc: 0.3953
[TransferVGG16] Epoch 270/300 - Loss: 1.6071 - Train Acc: 0.3954
[TransferVGG16] Epoch 271/300 - Loss: 1.6004 - Train Acc: 0.3970
[TransferVGG16] Epoch 272/300 - Loss: 1.6036 - Train Acc: 0.3952
[TransferVGG16] Epoch 273/300 - Loss: 1.6055 - Train Acc: 0.3969
[TransferVGG16] Epoch 274/300 - Loss: 1.5923 - Train Acc: 0.4020
[TransferVGG16] Epoch 275/300 - Loss: 1.6046 - Train Acc: 0.3969
[TransferVGG16] Epoch 276/300 - Loss: 1.6057 - Train Acc: 0.3952
[TransferVGG16] Epoch 277/300 - Loss: 1.5970 - Train Acc: 0.3951
[TransferVGG16] Epoch 278/300 - Loss: 1.5926 - Train Acc: 0.4001
[TransferVGG16] Epoch 279/300 - Loss: 1.6000 - Train Acc: 0.4004
[TransferVGG16] Epoch 280/300 - Loss: 1.6045 - Train Acc: 0.3949
[TransferVGG16] Epoch 281/300 - Loss: 1.5986 - Train Acc: 0.3988
[TransferVGG16] Epoch 282/300 - Loss: 1.6000 - Train Acc: 0.3958
[TransferVGG16] Epoch 283/300 - Loss: 1.5961 - Train Acc: 0.3958
[TransferVGG16] Epoch 284/300 - Loss: 1.6015 - Train Acc: 0.3944
[TransferVGG16] Epoch 285/300 - Loss: 1.6017 - Train Acc: 0.3920
[TransferVGG16] Epoch 286/300 - Loss: 1.6007 - Train Acc: 0.3931
[TransferVGG16] Epoch 287/300 - Loss: 1.6004 - Train Acc: 0.3985
[TransferVGG16] Epoch 288/300 - Loss: 1.5995 - Train Acc: 0.3979
[TransferVGG16] Epoch 289/300 - Loss: 1.5957 - Train Acc: 0.3963
[TransferVGG16] Epoch 290/300 - Loss: 1.6017 - Train Acc: 0.3950
[TransferVGG16] Epoch 291/300 - Loss: 1.6067 - Train Acc: 0.3924
[TransferVGG16] Epoch 292/300 - Loss: 1.6069 - Train Acc: 0.3948
[TransferVGG16] Epoch 293/300 - Loss: 1.6078 - Train Acc: 0.3957
[TransferVGG16] Epoch 294/300 - Loss: 1.5947 - Train Acc: 0.3973
[TransferVGG16] Epoch 295/300 - Loss: 1.6001 - Train Acc: 0.3979
[TransferVGG16] Epoch 296/300 - Loss: 1.6008 - Train Acc: 0.3942
[TransferVGG16] Epoch 297/300 - Loss: 1.6076 - Train Acc: 0.3956
[TransferVGG16] Epoch 298/300 - Loss: 1.5897 - Train Acc: 0.3989
[TransferVGG16] Epoch 299/300 - Loss: 1.6095 - Train Acc: 0.3936
[TransferVGG16] Epoch 300/300 - Loss: 1.6027 - Train Acc: 0.3953
[TransferVGG16] Model Saved -> ./2assign/models/TransferVGG16_final.pth

>>> TransferVGG16 Accuracy: 0.4401
